The system is: Linux - 3.10.0-1160.15.2.el7.x86_64 - x86_64
Compiling the CXX compiler identification source file "CMakeCXXCompilerId.cpp" succeeded.
Compiler: /opt/linux/centos/7.x/x86_64/easybuild/pkgs/GCCcore/7.4.0/bin/c++ 
Build flags: -Wconversion;-Wfloat-equal;-Wpedantic;-Wpointer-arith;-Wswitch-default;-Wpacked;-Wextra;-Winvalid-pch;-Wmissing-field-initializers;-Wunreachable-code;-Wcast-align;-Wcast-qual;-Wdisabled-optimization;-Wformat=2;-Wformat-nonliteral;-Wuninitialized;-Wformat-security;-Wformat-y2k;-Winit-self;-Wmissing-declarations;-Wmissing-include-dirs;-Wredundant-decls;-Wstrict-overflow=5;-Wno-unused;-Wno-conversion;-Wctor-dtor-privacy;-Wsign-promo;-Woverloaded-virtual;-Wlogical-op;-Wstrict-null-sentinel;-Wnoexcept
Id flags:  

The output was:
0


Compilation of the CXX compiler identification source "CMakeCXXCompilerId.cpp" produced "a.out"

The CXX compiler identification is GNU, found in "/rhome/fhous001/farzin/FastChain/dory/log/CMakeFiles/3.21.0/CompilerIdCXX/a.out"

Detecting CXX compiler ABI info compiled with the following output:
Change Dir: /rhome/fhous001/farzin/FastChain/dory/log/CMakeFiles/CMakeTmp

Run Build Command(s):/rhome/fhous001/farzin/FastChain/ninja/ninja cmTC_2c301 && [1/2] Building CXX object CMakeFiles/cmTC_2c301.dir/CMakeCXXCompilerABI.cpp.o
Using built-in specs.
COLLECT_GCC=/opt/linux/centos/7.x/x86_64/easybuild/pkgs/GCCcore/7.4.0/bin/c++
Target: x86_64-pc-linux-gnu
Configured with: ../configure --enable-languages=c,c++,fortran --enable-lto --enable-checking=release --disable-multilib --enable-shared=yes --enable-static=yes --enable-threads=posix --enable-plugins --enable-gold=default --enable-ld --with-plugin-ld=ld.gold --prefix=/opt/linux/centos/7.x/x86_64/easybuild/pkgs/GCCcore/7.4.0 --with-local-prefix=/opt/linux/centos/7.x/x86_64/easybuild/pkgs/GCCcore/7.4.0 --enable-bootstrap --with-isl=/scratch/eb-build/GCCcore/7.4.0/system-system/gcc-7.4.0/stage2_stuff
Thread model: posix
gcc version 7.4.0 (GCC) 
COLLECT_GCC_OPTIONS='-Wfloat-equal' '-Wpedantic' '-Wpointer-arith' '-Wswitch-default' '-Wpacked' '-Wextra' '-Winvalid-pch' '-Wmissing-field-initializers' '-Wcast-align' '-Wcast-qual' '-Wdisabled-optimization' '-Wformat=2' '-Wformat-nonliteral' '-Wuninitialized' '-Wformat-security' '-Wformat-y2k' '-Winit-self' '-Wmissing-declarations' '-Wmissing-include-dirs' '-Wredundant-decls' '-Wstrict-overflow=5' '-Wno-unused' '-Wno-conversion' '-Wctor-dtor-privacy' '-Wsign-promo' '-Woverloaded-virtual' '-Wlogical-op' '-Wstrict-null-sentinel' '-Wnoexcept' '-v' '-o' 'CMakeFiles/cmTC_2c301.dir/CMakeCXXCompilerABI.cpp.o' '-c' '-shared-libgcc' '-mtune=generic' '-march=x86-64'
 /bigdata/operations/pkgadmin/opt/linux/centos/7.x/x86_64/easybuild/pkgs/GCCcore/7.4.0/bin/../libexec/gcc/x86_64-pc-linux-gnu/7.4.0/cc1plus -quiet -v -iprefix /bigdata/operations/pkgadmin/opt/linux/centos/7.x/x86_64/easybuild/pkgs/GCCcore/7.4.0/bin/../lib/gcc/x86_64-pc-linux-gnu/7.4.0/ -D_GNU_SOURCE /bigdata/operations/pkgadmin/opt/linux/centos/7.x/x86_64/pkgs/cmake/3.21.0/share/cmake-3.21/Modules/CMakeCXXCompilerABI.cpp -quiet -dumpbase CMakeCXXCompilerABI.cpp -mtune=generic -march=x86-64 -auxbase-strip CMakeFiles/cmTC_2c301.dir/CMakeCXXCompilerABI.cpp.o -Wfloat-equal -Wpedantic -Wpointer-arith -Wswitch-default -Wpacked -Wextra -Winvalid-pch -Wmissing-field-initializers -Wcast-align -Wcast-qual -Wdisabled-optimization -Wformat=2 -Wformat-nonliteral -Wuninitialized -Wformat-security -Wformat-y2k -Winit-self -Wmissing-declarations -Wmissing-include-dirs -Wredundant-decls -Wstrict-overflow=5 -Wno-unused -Wno-conversion -Wctor-dtor-privacy -Wsign-promo -Woverloaded-virtual -Wlogical-op -Wstrict-null-sentinel -Wnoexcept -version -o /scratch/fhous001/6636996/ccpbnxSt.s
GNU C++14 (GCC) version 7.4.0 (x86_64-pc-linux-gnu)
	compiled by GNU C version 7.4.0, GMP version 6.1.2, MPFR version 4.0.1, MPC version 1.1.0, isl version isl-0.20-GMP

GGC heuristics: --param ggc-min-expand=100 --param ggc-min-heapsize=131072
ignoring nonexistent directory "/bigdata/operations/pkgadmin/opt/linux/centos/7.x/x86_64/easybuild/pkgs/GCCcore/7.4.0/bin/../lib/gcc/x86_64-pc-linux-gnu/7.4.0/../../../../x86_64-pc-linux-gnu/include"
ignoring duplicate directory "/bigdata/operations/pkgadmin/opt/linux/centos/7.x/x86_64/easybuild/pkgs/GCCcore/7.4.0/bin/../lib/gcc/../../lib/gcc/x86_64-pc-linux-gnu/7.4.0/../../../../include/c++/7.4.0"
ignoring duplicate directory "/bigdata/operations/pkgadmin/opt/linux/centos/7.x/x86_64/easybuild/pkgs/GCCcore/7.4.0/bin/../lib/gcc/../../lib/gcc/x86_64-pc-linux-gnu/7.4.0/../../../../include/c++/7.4.0/x86_64-pc-linux-gnu"
ignoring duplicate directory "/bigdata/operations/pkgadmin/opt/linux/centos/7.x/x86_64/easybuild/pkgs/GCCcore/7.4.0/bin/../lib/gcc/../../lib/gcc/x86_64-pc-linux-gnu/7.4.0/../../../../include/c++/7.4.0/backward"
ignoring duplicate directory "/bigdata/operations/pkgadmin/opt/linux/centos/7.x/x86_64/easybuild/pkgs/GCCcore/7.4.0/bin/../lib/gcc/../../lib/gcc/x86_64-pc-linux-gnu/7.4.0/include"
ignoring duplicate directory "/bigdata/operations/pkgadmin/opt/linux/centos/7.x/x86_64/easybuild/pkgs/GCCcore/7.4.0/bin/../lib/gcc/../../lib/gcc/x86_64-pc-linux-gnu/7.4.0/include-fixed"
ignoring nonexistent directory "/bigdata/operations/pkgadmin/opt/linux/centos/7.x/x86_64/easybuild/pkgs/GCCcore/7.4.0/bin/../lib/gcc/../../lib/gcc/x86_64-pc-linux-gnu/7.4.0/../../../../x86_64-pc-linux-gnu/include"
ignoring duplicate directory "/opt/linux/centos/7.x/x86_64/easybuild/pkgs/GCCcore/7.4.0/include"
  as it is a non-system directory that duplicates a system directory
#include "..." search starts here:
#include <...> search starts here:
 /opt/linux/centos/7.x/x86_64/pkgs/python/3.6.0/include
 /opt/linux/centos/7.x/x86_64/pkgs/gdal/2.1.3/include
 /opt/linux/centos/7.x/x86_64/pkgs/ggobi/2.1.11/include/ggobi
 /opt/linux/centos/7.x/x86_64/pkgs/R/4.0.1/lib64/R/include
 /opt/linux/centos/7.x/x86_64/pkgs/openmpi/4.0.1-slurm-19.05.0/include
 /bigdata/operations/pkgadmin/opt/linux/centos/7.x/x86_64/easybuild/pkgs/GCCcore/7.4.0/bin/../lib/gcc/x86_64-pc-linux-gnu/7.4.0/../../../../include/c++/7.4.0
 /bigdata/operations/pkgadmin/opt/linux/centos/7.x/x86_64/easybuild/pkgs/GCCcore/7.4.0/bin/../lib/gcc/x86_64-pc-linux-gnu/7.4.0/../../../../include/c++/7.4.0/x86_64-pc-linux-gnu
 /bigdata/operations/pkgadmin/opt/linux/centos/7.x/x86_64/easybuild/pkgs/GCCcore/7.4.0/bin/../lib/gcc/x86_64-pc-linux-gnu/7.4.0/../../../../include/c++/7.4.0/backward
 /bigdata/operations/pkgadmin/opt/linux/centos/7.x/x86_64/easybuild/pkgs/GCCcore/7.4.0/bin/../lib/gcc/x86_64-pc-linux-gnu/7.4.0/include
 /bigdata/operations/pkgadmin/opt/linux/centos/7.x/x86_64/easybuild/pkgs/GCCcore/7.4.0/bin/../lib/gcc/x86_64-pc-linux-gnu/7.4.0/include-fixed
 /opt/linux/centos/7.x/x86_64/easybuild/pkgs/GCCcore/7.4.0/include
 /usr/include
End of search list.
GNU C++14 (GCC) version 7.4.0 (x86_64-pc-linux-gnu)
	compiled by GNU C version 7.4.0, GMP version 6.1.2, MPFR version 4.0.1, MPC version 1.1.0, isl version isl-0.20-GMP

GGC heuristics: --param ggc-min-expand=100 --param ggc-min-heapsize=131072
Compiler executable checksum: 51ca578ca164d2335a1c9e74a00ec79c
COLLECT_GCC_OPTIONS='-Wfloat-equal' '-Wpedantic' '-Wpointer-arith' '-Wswitch-default' '-Wpacked' '-Wextra' '-Winvalid-pch' '-Wmissing-field-initializers' '-Wcast-align' '-Wcast-qual' '-Wdisabled-optimization' '-Wformat=2' '-Wformat-nonliteral' '-Wuninitialized' '-Wformat-security' '-Wformat-y2k' '-Winit-self' '-Wmissing-declarations' '-Wmissing-include-dirs' '-Wredundant-decls' '-Wstrict-overflow=5' '-Wno-unused' '-Wno-conversion' '-Wctor-dtor-privacy' '-Wsign-promo' '-Woverloaded-virtual' '-Wlogical-op' '-Wstrict-null-sentinel' '-Wnoexcept' '-v' '-o' 'CMakeFiles/cmTC_2c301.dir/CMakeCXXCompilerABI.cpp.o' '-c' '-shared-libgcc' '-mtune=generic' '-march=x86-64'
 as -v --64 -o CMakeFiles/cmTC_2c301.dir/CMakeCXXCompilerABI.cpp.o /scratch/fhous001/6636996/ccpbnxSt.s
GNU assembler version 2.27 (x86_64-redhat-linux) using BFD version version 2.27-44.base.el7
COMPILER_PATH=/bigdata/operations/pkgadmin/opt/linux/centos/7.x/x86_64/easybuild/pkgs/GCCcore/7.4.0/bin/../libexec/gcc/x86_64-pc-linux-gnu/7.4.0/:/bigdata/operations/pkgadmin/opt/linux/centos/7.x/x86_64/easybuild/pkgs/GCCcore/7.4.0/bin/../libexec/gcc/
LIBRARY_PATH=/bigdata/operations/pkgadmin/opt/linux/centos/7.x/x86_64/easybuild/pkgs/GCCcore/7.4.0/bin/../lib/gcc/x86_64-pc-linux-gnu/7.4.0/:/bigdata/operations/pkgadmin/opt/linux/centos/7.x/x86_64/easybuild/pkgs/GCCcore/7.4.0/bin/../lib/gcc/:/opt/linux/centos/7.x/x86_64/easybuild/pkgs/GCCcore/7.4.0/lib64/../lib64/:/opt/linux/centos/7.x/x86_64/easybuild/pkgs/GCCcore/7.4.0/lib/../lib64/:/bigdata/operations/pkgadmin/opt/linux/centos/7.x/x86_64/easybuild/pkgs/GCCcore/7.4.0/bin/../lib/gcc/x86_64-pc-linux-gnu/7.4.0/../../../../lib64/:/lib/../lib64/:/usr/lib/../lib64/:/opt/linux/centos/7.x/x86_64/easybuild/pkgs/GCCcore/7.4.0/lib64/:/opt/linux/centos/7.x/x86_64/easybuild/pkgs/GCCcore/7.4.0/lib/:/opt/linux/centos/7.x/x86_64/pkgs/gdal/2.1.3/lib/:/opt/linux/centos/7.x/x86_64/pkgs/R/4.0.1/lib64/R/lib/:/opt/linux/centos/7.x/x86_64/pkgs/openmpi/4.0.1-slurm-19.05.0/lib/:/bigdata/operations/pkgadmin/opt/linux/centos/7.x/x86_64/easybuild/pkgs/GCCcore/7.4.0/bin/../lib/gcc/x86_64-pc-linux-gnu/7.4.0/../../../:/lib/:/usr/lib/
COLLECT_GCC_OPTIONS='-Wfloat-equal' '-Wpedantic' '-Wpointer-arith' '-Wswitch-default' '-Wpacked' '-Wextra' '-Winvalid-pch' '-Wmissing-field-initializers' '-Wcast-align' '-Wcast-qual' '-Wdisabled-optimization' '-Wformat=2' '-Wformat-nonliteral' '-Wuninitialized' '-Wformat-security' '-Wformat-y2k' '-Winit-self' '-Wmissing-declarations' '-Wmissing-include-dirs' '-Wredundant-decls' '-Wstrict-overflow=5' '-Wno-unused' '-Wno-conversion' '-Wctor-dtor-privacy' '-Wsign-promo' '-Woverloaded-virtual' '-Wlogical-op' '-Wstrict-null-sentinel' '-Wnoexcept' '-v' '-o' 'CMakeFiles/cmTC_2c301.dir/CMakeCXXCompilerABI.cpp.o' '-c' '-shared-libgcc' '-mtune=generic' '-march=x86-64'
[2/2] Linking CXX executable cmTC_2c301
Using built-in specs.
COLLECT_GCC=/opt/linux/centos/7.x/x86_64/easybuild/pkgs/GCCcore/7.4.0/bin/c++
COLLECT_LTO_WRAPPER=/bigdata/operations/pkgadmin/opt/linux/centos/7.x/x86_64/easybuild/pkgs/GCCcore/7.4.0/bin/../libexec/gcc/x86_64-pc-linux-gnu/7.4.0/lto-wrapper
Target: x86_64-pc-linux-gnu
Configured with: ../configure --enable-languages=c,c++,fortran --enable-lto --enable-checking=release --disable-multilib --enable-shared=yes --enable-static=yes --enable-threads=posix --enable-plugins --enable-gold=default --enable-ld --with-plugin-ld=ld.gold --prefix=/opt/linux/centos/7.x/x86_64/easybuild/pkgs/GCCcore/7.4.0 --with-local-prefix=/opt/linux/centos/7.x/x86_64/easybuild/pkgs/GCCcore/7.4.0 --enable-bootstrap --with-isl=/scratch/eb-build/GCCcore/7.4.0/system-system/gcc-7.4.0/stage2_stuff
Thread model: posix
gcc version 7.4.0 (GCC) 
COMPILER_PATH=/bigdata/operations/pkgadmin/opt/linux/centos/7.x/x86_64/easybuild/pkgs/GCCcore/7.4.0/bin/../libexec/gcc/x86_64-pc-linux-gnu/7.4.0/:/bigdata/operations/pkgadmin/opt/linux/centos/7.x/x86_64/easybuild/pkgs/GCCcore/7.4.0/bin/../libexec/gcc/
LIBRARY_PATH=/bigdata/operations/pkgadmin/opt/linux/centos/7.x/x86_64/easybuild/pkgs/GCCcore/7.4.0/bin/../lib/gcc/x86_64-pc-linux-gnu/7.4.0/:/bigdata/operations/pkgadmin/opt/linux/centos/7.x/x86_64/easybuild/pkgs/GCCcore/7.4.0/bin/../lib/gcc/:/opt/linux/centos/7.x/x86_64/easybuild/pkgs/GCCcore/7.4.0/lib64/../lib64/:/opt/linux/centos/7.x/x86_64/easybuild/pkgs/GCCcore/7.4.0/lib/../lib64/:/bigdata/operations/pkgadmin/opt/linux/centos/7.x/x86_64/easybuild/pkgs/GCCcore/7.4.0/bin/../lib/gcc/x86_64-pc-linux-gnu/7.4.0/../../../../lib64/:/lib/../lib64/:/usr/lib/../lib64/:/opt/linux/centos/7.x/x86_64/easybuild/pkgs/GCCcore/7.4.0/lib64/:/opt/linux/centos/7.x/x86_64/easybuild/pkgs/GCCcore/7.4.0/lib/:/opt/linux/centos/7.x/x86_64/pkgs/gdal/2.1.3/lib/:/opt/linux/centos/7.x/x86_64/pkgs/R/4.0.1/lib64/R/lib/:/opt/linux/centos/7.x/x86_64/pkgs/openmpi/4.0.1-slurm-19.05.0/lib/:/bigdata/operations/pkgadmin/opt/linux/centos/7.x/x86_64/easybuild/pkgs/GCCcore/7.4.0/bin/../lib/gcc/x86_64-pc-linux-gnu/7.4.0/../../../:/lib/:/usr/lib/
COLLECT_GCC_OPTIONS='-Wfloat-equal' '-Wpedantic' '-Wpointer-arith' '-Wswitch-default' '-Wpacked' '-Wextra' '-Winvalid-pch' '-Wmissing-field-initializers' '-Wcast-align' '-Wcast-qual' '-Wdisabled-optimization' '-Wformat=2' '-Wformat-nonliteral' '-Wuninitialized' '-Wformat-security' '-Wformat-y2k' '-Winit-self' '-Wmissing-declarations' '-Wmissing-include-dirs' '-Wredundant-decls' '-Wstrict-overflow=5' '-Wno-unused' '-Wno-conversion' '-Wctor-dtor-privacy' '-Wsign-promo' '-Woverloaded-virtual' '-Wlogical-op' '-Wstrict-null-sentinel' '-Wnoexcept' '-v' '-o' 'cmTC_2c301' '-shared-libgcc' '-mtune=generic' '-march=x86-64'
 /bigdata/operations/pkgadmin/opt/linux/centos/7.x/x86_64/easybuild/pkgs/GCCcore/7.4.0/bin/../libexec/gcc/x86_64-pc-linux-gnu/7.4.0/collect2 -plugin /bigdata/operations/pkgadmin/opt/linux/centos/7.x/x86_64/easybuild/pkgs/GCCcore/7.4.0/bin/../libexec/gcc/x86_64-pc-linux-gnu/7.4.0/liblto_plugin.so -plugin-opt=/bigdata/operations/pkgadmin/opt/linux/centos/7.x/x86_64/easybuild/pkgs/GCCcore/7.4.0/bin/../libexec/gcc/x86_64-pc-linux-gnu/7.4.0/lto-wrapper -plugin-opt=-fresolution=/scratch/fhous001/6636996/cciLtcLx.res -plugin-opt=-pass-through=-lgcc_s -plugin-opt=-pass-through=-lgcc -plugin-opt=-pass-through=-lc -plugin-opt=-pass-through=-lgcc_s -plugin-opt=-pass-through=-lgcc --eh-frame-hdr -m elf_x86_64 -dynamic-linker /lib64/ld-linux-x86-64.so.2 -o cmTC_2c301 /lib/../lib64/crt1.o /lib/../lib64/crti.o /bigdata/operations/pkgadmin/opt/linux/centos/7.x/x86_64/easybuild/pkgs/GCCcore/7.4.0/bin/../lib/gcc/x86_64-pc-linux-gnu/7.4.0/crtbegin.o -L/bigdata/operations/pkgadmin/opt/linux/centos/7.x/x86_64/easybuild/pkgs/GCCcore/7.4.0/bin/../lib/gcc/x86_64-pc-linux-gnu/7.4.0 -L/bigdata/operations/pkgadmin/opt/linux/centos/7.x/x86_64/easybuild/pkgs/GCCcore/7.4.0/bin/../lib/gcc -L/opt/linux/centos/7.x/x86_64/easybuild/pkgs/GCCcore/7.4.0/lib64/../lib64 -L/opt/linux/centos/7.x/x86_64/easybuild/pkgs/GCCcore/7.4.0/lib/../lib64 -L/bigdata/operations/pkgadmin/opt/linux/centos/7.x/x86_64/easybuild/pkgs/GCCcore/7.4.0/bin/../lib/gcc/x86_64-pc-linux-gnu/7.4.0/../../../../lib64 -L/lib/../lib64 -L/usr/lib/../lib64 -L/opt/linux/centos/7.x/x86_64/easybuild/pkgs/GCCcore/7.4.0/lib64 -L/opt/linux/centos/7.x/x86_64/easybuild/pkgs/GCCcore/7.4.0/lib -L/opt/linux/centos/7.x/x86_64/pkgs/gdal/2.1.3/lib -L/opt/linux/centos/7.x/x86_64/pkgs/R/4.0.1/lib64/R/lib -L/opt/linux/centos/7.x/x86_64/pkgs/openmpi/4.0.1-slurm-19.05.0/lib -L/bigdata/operations/pkgadmin/opt/linux/centos/7.x/x86_64/easybuild/pkgs/GCCcore/7.4.0/bin/../lib/gcc/x86_64-pc-linux-gnu/7.4.0/../../.. CMakeFiles/cmTC_2c301.dir/CMakeCXXCompilerABI.cpp.o -lstdc++ -lm -lgcc_s -lgcc -lc -lgcc_s -lgcc /bigdata/operations/pkgadmin/opt/linux/centos/7.x/x86_64/easybuild/pkgs/GCCcore/7.4.0/bin/../lib/gcc/x86_64-pc-linux-gnu/7.4.0/crtend.o /lib/../lib64/crtn.o
COLLECT_GCC_OPTIONS='-Wfloat-equal' '-Wpedantic' '-Wpointer-arith' '-Wswitch-default' '-Wpacked' '-Wextra' '-Winvalid-pch' '-Wmissing-field-initializers' '-Wcast-align' '-Wcast-qual' '-Wdisabled-optimization' '-Wformat=2' '-Wformat-nonliteral' '-Wuninitialized' '-Wformat-security' '-Wformat-y2k' '-Winit-self' '-Wmissing-declarations' '-Wmissing-include-dirs' '-Wredundant-decls' '-Wstrict-overflow=5' '-Wno-unused' '-Wno-conversion' '-Wctor-dtor-privacy' '-Wsign-promo' '-Woverloaded-virtual' '-Wlogical-op' '-Wstrict-null-sentinel' '-Wnoexcept' '-v' '-o' 'cmTC_2c301' '-shared-libgcc' '-mtune=generic' '-march=x86-64'



Parsed CXX implicit include dir info from above output: rv=done
  found start of include info
  found start of implicit include info
    add: [/opt/linux/centos/7.x/x86_64/pkgs/python/3.6.0/include]
    add: [/opt/linux/centos/7.x/x86_64/pkgs/gdal/2.1.3/include]
    add: [/opt/linux/centos/7.x/x86_64/pkgs/ggobi/2.1.11/include/ggobi]
    add: [/opt/linux/centos/7.x/x86_64/pkgs/R/4.0.1/lib64/R/include]
    add: [/opt/linux/centos/7.x/x86_64/pkgs/openmpi/4.0.1-slurm-19.05.0/include]
    add: [/bigdata/operations/pkgadmin/opt/linux/centos/7.x/x86_64/easybuild/pkgs/GCCcore/7.4.0/bin/../lib/gcc/x86_64-pc-linux-gnu/7.4.0/../../../../include/c++/7.4.0]
    add: [/bigdata/operations/pkgadmin/opt/linux/centos/7.x/x86_64/easybuild/pkgs/GCCcore/7.4.0/bin/../lib/gcc/x86_64-pc-linux-gnu/7.4.0/../../../../include/c++/7.4.0/x86_64-pc-linux-gnu]
    add: [/bigdata/operations/pkgadmin/opt/linux/centos/7.x/x86_64/easybuild/pkgs/GCCcore/7.4.0/bin/../lib/gcc/x86_64-pc-linux-gnu/7.4.0/../../../../include/c++/7.4.0/backward]
    add: [/bigdata/operations/pkgadmin/opt/linux/centos/7.x/x86_64/easybuild/pkgs/GCCcore/7.4.0/bin/../lib/gcc/x86_64-pc-linux-gnu/7.4.0/include]
    add: [/bigdata/operations/pkgadmin/opt/linux/centos/7.x/x86_64/easybuild/pkgs/GCCcore/7.4.0/bin/../lib/gcc/x86_64-pc-linux-gnu/7.4.0/include-fixed]
    add: [/opt/linux/centos/7.x/x86_64/easybuild/pkgs/GCCcore/7.4.0/include]
    add: [/usr/include]
  end of search list found
  collapse include dir [/opt/linux/centos/7.x/x86_64/pkgs/python/3.6.0/include] ==> [/opt/linux/centos/7.x/x86_64/pkgs/python/3.6.0/include]
  collapse include dir [/opt/linux/centos/7.x/x86_64/pkgs/gdal/2.1.3/include] ==> [/opt/linux/centos/7.x/x86_64/pkgs/gdal/2.1.3/include]
  collapse include dir [/opt/linux/centos/7.x/x86_64/pkgs/ggobi/2.1.11/include/ggobi] ==> [/opt/linux/centos/7.x/x86_64/pkgs/ggobi/2.1.11/include/ggobi]
  collapse include dir [/opt/linux/centos/7.x/x86_64/pkgs/R/4.0.1/lib64/R/include] ==> [/opt/linux/centos/7.x/x86_64/pkgs/R/4.0.1/lib64/R/include]
  collapse include dir [/opt/linux/centos/7.x/x86_64/pkgs/openmpi/4.0.1-slurm-19.05.0/include] ==> [/opt/linux/centos/7.x/x86_64/pkgs/openmpi/4.0.1-slurm-19.05.0/include]
  collapse include dir [/bigdata/operations/pkgadmin/opt/linux/centos/7.x/x86_64/easybuild/pkgs/GCCcore/7.4.0/bin/../lib/gcc/x86_64-pc-linux-gnu/7.4.0/../../../../include/c++/7.4.0] ==> [/bigdata/operations/pkgadmin/opt/linux/centos/7.x/x86_64/easybuild/pkgs/GCCcore/7.4.0/include/c++/7.4.0]
  collapse include dir [/bigdata/operations/pkgadmin/opt/linux/centos/7.x/x86_64/easybuild/pkgs/GCCcore/7.4.0/bin/../lib/gcc/x86_64-pc-linux-gnu/7.4.0/../../../../include/c++/7.4.0/x86_64-pc-linux-gnu] ==> [/bigdata/operations/pkgadmin/opt/linux/centos/7.x/x86_64/easybuild/pkgs/GCCcore/7.4.0/include/c++/7.4.0/x86_64-pc-linux-gnu]
  collapse include dir [/bigdata/operations/pkgadmin/opt/linux/centos/7.x/x86_64/easybuild/pkgs/GCCcore/7.4.0/bin/../lib/gcc/x86_64-pc-linux-gnu/7.4.0/../../../../include/c++/7.4.0/backward] ==> [/bigdata/operations/pkgadmin/opt/linux/centos/7.x/x86_64/easybuild/pkgs/GCCcore/7.4.0/include/c++/7.4.0/backward]
  collapse include dir [/bigdata/operations/pkgadmin/opt/linux/centos/7.x/x86_64/easybuild/pkgs/GCCcore/7.4.0/bin/../lib/gcc/x86_64-pc-linux-gnu/7.4.0/include] ==> [/bigdata/operations/pkgadmin/opt/linux/centos/7.x/x86_64/easybuild/pkgs/GCCcore/7.4.0/lib/gcc/x86_64-pc-linux-gnu/7.4.0/include]
  collapse include dir [/bigdata/operations/pkgadmin/opt/linux/centos/7.x/x86_64/easybuild/pkgs/GCCcore/7.4.0/bin/../lib/gcc/x86_64-pc-linux-gnu/7.4.0/include-fixed] ==> [/bigdata/operations/pkgadmin/opt/linux/centos/7.x/x86_64/easybuild/pkgs/GCCcore/7.4.0/lib/gcc/x86_64-pc-linux-gnu/7.4.0/include-fixed]
  collapse include dir [/opt/linux/centos/7.x/x86_64/easybuild/pkgs/GCCcore/7.4.0/include] ==> [/opt/linux/centos/7.x/x86_64/easybuild/pkgs/GCCcore/7.4.0/include]
  collapse include dir [/usr/include] ==> [/usr/include]
  implicit include dirs: [/opt/linux/centos/7.x/x86_64/pkgs/python/3.6.0/include;/opt/linux/centos/7.x/x86_64/pkgs/gdal/2.1.3/include;/opt/linux/centos/7.x/x86_64/pkgs/ggobi/2.1.11/include/ggobi;/opt/linux/centos/7.x/x86_64/pkgs/R/4.0.1/lib64/R/include;/opt/linux/centos/7.x/x86_64/pkgs/openmpi/4.0.1-slurm-19.05.0/include;/bigdata/operations/pkgadmin/opt/linux/centos/7.x/x86_64/easybuild/pkgs/GCCcore/7.4.0/include/c++/7.4.0;/bigdata/operations/pkgadmin/opt/linux/centos/7.x/x86_64/easybuild/pkgs/GCCcore/7.4.0/include/c++/7.4.0/x86_64-pc-linux-gnu;/bigdata/operations/pkgadmin/opt/linux/centos/7.x/x86_64/easybuild/pkgs/GCCcore/7.4.0/include/c++/7.4.0/backward;/bigdata/operations/pkgadmin/opt/linux/centos/7.x/x86_64/easybuild/pkgs/GCCcore/7.4.0/lib/gcc/x86_64-pc-linux-gnu/7.4.0/include;/bigdata/operations/pkgadmin/opt/linux/centos/7.x/x86_64/easybuild/pkgs/GCCcore/7.4.0/lib/gcc/x86_64-pc-linux-gnu/7.4.0/include-fixed;/opt/linux/centos/7.x/x86_64/easybuild/pkgs/GCCcore/7.4.0/include;/usr/include]


Parsed CXX implicit link information from above output:
  link line regex: [^( *|.*[/\])(ld|CMAKE_LINK_STARTFILE-NOTFOUND|([^/\]+-)?ld|collect2)[^/\]*( |$)]
  ignore line: [Change Dir: /rhome/fhous001/farzin/FastChain/dory/log/CMakeFiles/CMakeTmp]
  ignore line: []
  ignore line: [Run Build Command(s):/rhome/fhous001/farzin/FastChain/ninja/ninja cmTC_2c301 && [1/2] Building CXX object CMakeFiles/cmTC_2c301.dir/CMakeCXXCompilerABI.cpp.o]
  ignore line: [Using built-in specs.]
  ignore line: [COLLECT_GCC=/opt/linux/centos/7.x/x86_64/easybuild/pkgs/GCCcore/7.4.0/bin/c++]
  ignore line: [Target: x86_64-pc-linux-gnu]
  ignore line: [Configured with: ../configure --enable-languages=c,c++,fortran --enable-lto --enable-checking=release --disable-multilib --enable-shared=yes --enable-static=yes --enable-threads=posix --enable-plugins --enable-gold=default --enable-ld --with-plugin-ld=ld.gold --prefix=/opt/linux/centos/7.x/x86_64/easybuild/pkgs/GCCcore/7.4.0 --with-local-prefix=/opt/linux/centos/7.x/x86_64/easybuild/pkgs/GCCcore/7.4.0 --enable-bootstrap --with-isl=/scratch/eb-build/GCCcore/7.4.0/system-system/gcc-7.4.0/stage2_stuff]
  ignore line: [Thread model: posix]
  ignore line: [gcc version 7.4.0 (GCC) ]
  ignore line: [COLLECT_GCC_OPTIONS='-Wfloat-equal' '-Wpedantic' '-Wpointer-arith' '-Wswitch-default' '-Wpacked' '-Wextra' '-Winvalid-pch' '-Wmissing-field-initializers' '-Wcast-align' '-Wcast-qual' '-Wdisabled-optimization' '-Wformat=2' '-Wformat-nonliteral' '-Wuninitialized' '-Wformat-security' '-Wformat-y2k' '-Winit-self' '-Wmissing-declarations' '-Wmissing-include-dirs' '-Wredundant-decls' '-Wstrict-overflow=5' '-Wno-unused' '-Wno-conversion' '-Wctor-dtor-privacy' '-Wsign-promo' '-Woverloaded-virtual' '-Wlogical-op' '-Wstrict-null-sentinel' '-Wnoexcept' '-v' '-o' 'CMakeFiles/cmTC_2c301.dir/CMakeCXXCompilerABI.cpp.o' '-c' '-shared-libgcc' '-mtune=generic' '-march=x86-64']
  ignore line: [ /bigdata/operations/pkgadmin/opt/linux/centos/7.x/x86_64/easybuild/pkgs/GCCcore/7.4.0/bin/../libexec/gcc/x86_64-pc-linux-gnu/7.4.0/cc1plus -quiet -v -iprefix /bigdata/operations/pkgadmin/opt/linux/centos/7.x/x86_64/easybuild/pkgs/GCCcore/7.4.0/bin/../lib/gcc/x86_64-pc-linux-gnu/7.4.0/ -D_GNU_SOURCE /bigdata/operations/pkgadmin/opt/linux/centos/7.x/x86_64/pkgs/cmake/3.21.0/share/cmake-3.21/Modules/CMakeCXXCompilerABI.cpp -quiet -dumpbase CMakeCXXCompilerABI.cpp -mtune=generic -march=x86-64 -auxbase-strip CMakeFiles/cmTC_2c301.dir/CMakeCXXCompilerABI.cpp.o -Wfloat-equal -Wpedantic -Wpointer-arith -Wswitch-default -Wpacked -Wextra -Winvalid-pch -Wmissing-field-initializers -Wcast-align -Wcast-qual -Wdisabled-optimization -Wformat=2 -Wformat-nonliteral -Wuninitialized -Wformat-security -Wformat-y2k -Winit-self -Wmissing-declarations -Wmissing-include-dirs -Wredundant-decls -Wstrict-overflow=5 -Wno-unused -Wno-conversion -Wctor-dtor-privacy -Wsign-promo -Woverloaded-virtual -Wlogical-op -Wstrict-null-sentinel -Wnoexcept -version -o /scratch/fhous001/6636996/ccpbnxSt.s]
  ignore line: [GNU C++14 (GCC) version 7.4.0 (x86_64-pc-linux-gnu)]
  ignore line: [	compiled by GNU C version 7.4.0  GMP version 6.1.2  MPFR version 4.0.1  MPC version 1.1.0  isl version isl-0.20-GMP]
  ignore line: []
  ignore line: [GGC heuristics: --param ggc-min-expand=100 --param ggc-min-heapsize=131072]
  ignore line: [ignoring nonexistent directory "/bigdata/operations/pkgadmin/opt/linux/centos/7.x/x86_64/easybuild/pkgs/GCCcore/7.4.0/bin/../lib/gcc/x86_64-pc-linux-gnu/7.4.0/../../../../x86_64-pc-linux-gnu/include"]
  ignore line: [ignoring duplicate directory "/bigdata/operations/pkgadmin/opt/linux/centos/7.x/x86_64/easybuild/pkgs/GCCcore/7.4.0/bin/../lib/gcc/../../lib/gcc/x86_64-pc-linux-gnu/7.4.0/../../../../include/c++/7.4.0"]
  ignore line: [ignoring duplicate directory "/bigdata/operations/pkgadmin/opt/linux/centos/7.x/x86_64/easybuild/pkgs/GCCcore/7.4.0/bin/../lib/gcc/../../lib/gcc/x86_64-pc-linux-gnu/7.4.0/../../../../include/c++/7.4.0/x86_64-pc-linux-gnu"]
  ignore line: [ignoring duplicate directory "/bigdata/operations/pkgadmin/opt/linux/centos/7.x/x86_64/easybuild/pkgs/GCCcore/7.4.0/bin/../lib/gcc/../../lib/gcc/x86_64-pc-linux-gnu/7.4.0/../../../../include/c++/7.4.0/backward"]
  ignore line: [ignoring duplicate directory "/bigdata/operations/pkgadmin/opt/linux/centos/7.x/x86_64/easybuild/pkgs/GCCcore/7.4.0/bin/../lib/gcc/../../lib/gcc/x86_64-pc-linux-gnu/7.4.0/include"]
  ignore line: [ignoring duplicate directory "/bigdata/operations/pkgadmin/opt/linux/centos/7.x/x86_64/easybuild/pkgs/GCCcore/7.4.0/bin/../lib/gcc/../../lib/gcc/x86_64-pc-linux-gnu/7.4.0/include-fixed"]
  ignore line: [ignoring nonexistent directory "/bigdata/operations/pkgadmin/opt/linux/centos/7.x/x86_64/easybuild/pkgs/GCCcore/7.4.0/bin/../lib/gcc/../../lib/gcc/x86_64-pc-linux-gnu/7.4.0/../../../../x86_64-pc-linux-gnu/include"]
  ignore line: [ignoring duplicate directory "/opt/linux/centos/7.x/x86_64/easybuild/pkgs/GCCcore/7.4.0/include"]
  ignore line: [  as it is a non-system directory that duplicates a system directory]
  ignore line: [#include "..." search starts here:]
  ignore line: [#include <...> search starts here:]
  ignore line: [ /opt/linux/centos/7.x/x86_64/pkgs/python/3.6.0/include]
  ignore line: [ /opt/linux/centos/7.x/x86_64/pkgs/gdal/2.1.3/include]
  ignore line: [ /opt/linux/centos/7.x/x86_64/pkgs/ggobi/2.1.11/include/ggobi]
  ignore line: [ /opt/linux/centos/7.x/x86_64/pkgs/R/4.0.1/lib64/R/include]
  ignore line: [ /opt/linux/centos/7.x/x86_64/pkgs/openmpi/4.0.1-slurm-19.05.0/include]
  ignore line: [ /bigdata/operations/pkgadmin/opt/linux/centos/7.x/x86_64/easybuild/pkgs/GCCcore/7.4.0/bin/../lib/gcc/x86_64-pc-linux-gnu/7.4.0/../../../../include/c++/7.4.0]
  ignore line: [ /bigdata/operations/pkgadmin/opt/linux/centos/7.x/x86_64/easybuild/pkgs/GCCcore/7.4.0/bin/../lib/gcc/x86_64-pc-linux-gnu/7.4.0/../../../../include/c++/7.4.0/x86_64-pc-linux-gnu]
  ignore line: [ /bigdata/operations/pkgadmin/opt/linux/centos/7.x/x86_64/easybuild/pkgs/GCCcore/7.4.0/bin/../lib/gcc/x86_64-pc-linux-gnu/7.4.0/../../../../include/c++/7.4.0/backward]
  ignore line: [ /bigdata/operations/pkgadmin/opt/linux/centos/7.x/x86_64/easybuild/pkgs/GCCcore/7.4.0/bin/../lib/gcc/x86_64-pc-linux-gnu/7.4.0/include]
  ignore line: [ /bigdata/operations/pkgadmin/opt/linux/centos/7.x/x86_64/easybuild/pkgs/GCCcore/7.4.0/bin/../lib/gcc/x86_64-pc-linux-gnu/7.4.0/include-fixed]
  ignore line: [ /opt/linux/centos/7.x/x86_64/easybuild/pkgs/GCCcore/7.4.0/include]
  ignore line: [ /usr/include]
  ignore line: [End of search list.]
  ignore line: [GNU C++14 (GCC) version 7.4.0 (x86_64-pc-linux-gnu)]
  ignore line: [	compiled by GNU C version 7.4.0  GMP version 6.1.2  MPFR version 4.0.1  MPC version 1.1.0  isl version isl-0.20-GMP]
  ignore line: []
  ignore line: [GGC heuristics: --param ggc-min-expand=100 --param ggc-min-heapsize=131072]
  ignore line: [Compiler executable checksum: 51ca578ca164d2335a1c9e74a00ec79c]
  ignore line: [COLLECT_GCC_OPTIONS='-Wfloat-equal' '-Wpedantic' '-Wpointer-arith' '-Wswitch-default' '-Wpacked' '-Wextra' '-Winvalid-pch' '-Wmissing-field-initializers' '-Wcast-align' '-Wcast-qual' '-Wdisabled-optimization' '-Wformat=2' '-Wformat-nonliteral' '-Wuninitialized' '-Wformat-security' '-Wformat-y2k' '-Winit-self' '-Wmissing-declarations' '-Wmissing-include-dirs' '-Wredundant-decls' '-Wstrict-overflow=5' '-Wno-unused' '-Wno-conversion' '-Wctor-dtor-privacy' '-Wsign-promo' '-Woverloaded-virtual' '-Wlogical-op' '-Wstrict-null-sentinel' '-Wnoexcept' '-v' '-o' 'CMakeFiles/cmTC_2c301.dir/CMakeCXXCompilerABI.cpp.o' '-c' '-shared-libgcc' '-mtune=generic' '-march=x86-64']
  ignore line: [ as -v --64 -o CMakeFiles/cmTC_2c301.dir/CMakeCXXCompilerABI.cpp.o /scratch/fhous001/6636996/ccpbnxSt.s]
  ignore line: [GNU assembler version 2.27 (x86_64-redhat-linux) using BFD version version 2.27-44.base.el7]
  ignore line: [COMPILER_PATH=/bigdata/operations/pkgadmin/opt/linux/centos/7.x/x86_64/easybuild/pkgs/GCCcore/7.4.0/bin/../libexec/gcc/x86_64-pc-linux-gnu/7.4.0/:/bigdata/operations/pkgadmin/opt/linux/centos/7.x/x86_64/easybuild/pkgs/GCCcore/7.4.0/bin/../libexec/gcc/]
  ignore line: [LIBRARY_PATH=/bigdata/operations/pkgadmin/opt/linux/centos/7.x/x86_64/easybuild/pkgs/GCCcore/7.4.0/bin/../lib/gcc/x86_64-pc-linux-gnu/7.4.0/:/bigdata/operations/pkgadmin/opt/linux/centos/7.x/x86_64/easybuild/pkgs/GCCcore/7.4.0/bin/../lib/gcc/:/opt/linux/centos/7.x/x86_64/easybuild/pkgs/GCCcore/7.4.0/lib64/../lib64/:/opt/linux/centos/7.x/x86_64/easybuild/pkgs/GCCcore/7.4.0/lib/../lib64/:/bigdata/operations/pkgadmin/opt/linux/centos/7.x/x86_64/easybuild/pkgs/GCCcore/7.4.0/bin/../lib/gcc/x86_64-pc-linux-gnu/7.4.0/../../../../lib64/:/lib/../lib64/:/usr/lib/../lib64/:/opt/linux/centos/7.x/x86_64/easybuild/pkgs/GCCcore/7.4.0/lib64/:/opt/linux/centos/7.x/x86_64/easybuild/pkgs/GCCcore/7.4.0/lib/:/opt/linux/centos/7.x/x86_64/pkgs/gdal/2.1.3/lib/:/opt/linux/centos/7.x/x86_64/pkgs/R/4.0.1/lib64/R/lib/:/opt/linux/centos/7.x/x86_64/pkgs/openmpi/4.0.1-slurm-19.05.0/lib/:/bigdata/operations/pkgadmin/opt/linux/centos/7.x/x86_64/easybuild/pkgs/GCCcore/7.4.0/bin/../lib/gcc/x86_64-pc-linux-gnu/7.4.0/../../../:/lib/:/usr/lib/]
  ignore line: [COLLECT_GCC_OPTIONS='-Wfloat-equal' '-Wpedantic' '-Wpointer-arith' '-Wswitch-default' '-Wpacked' '-Wextra' '-Winvalid-pch' '-Wmissing-field-initializers' '-Wcast-align' '-Wcast-qual' '-Wdisabled-optimization' '-Wformat=2' '-Wformat-nonliteral' '-Wuninitialized' '-Wformat-security' '-Wformat-y2k' '-Winit-self' '-Wmissing-declarations' '-Wmissing-include-dirs' '-Wredundant-decls' '-Wstrict-overflow=5' '-Wno-unused' '-Wno-conversion' '-Wctor-dtor-privacy' '-Wsign-promo' '-Woverloaded-virtual' '-Wlogical-op' '-Wstrict-null-sentinel' '-Wnoexcept' '-v' '-o' 'CMakeFiles/cmTC_2c301.dir/CMakeCXXCompilerABI.cpp.o' '-c' '-shared-libgcc' '-mtune=generic' '-march=x86-64']
  ignore line: [[2/2] Linking CXX executable cmTC_2c301]
  ignore line: [Using built-in specs.]
  ignore line: [COLLECT_GCC=/opt/linux/centos/7.x/x86_64/easybuild/pkgs/GCCcore/7.4.0/bin/c++]
  ignore line: [COLLECT_LTO_WRAPPER=/bigdata/operations/pkgadmin/opt/linux/centos/7.x/x86_64/easybuild/pkgs/GCCcore/7.4.0/bin/../libexec/gcc/x86_64-pc-linux-gnu/7.4.0/lto-wrapper]
  ignore line: [Target: x86_64-pc-linux-gnu]
  ignore line: [Configured with: ../configure --enable-languages=c,c++,fortran --enable-lto --enable-checking=release --disable-multilib --enable-shared=yes --enable-static=yes --enable-threads=posix --enable-plugins --enable-gold=default --enable-ld --with-plugin-ld=ld.gold --prefix=/opt/linux/centos/7.x/x86_64/easybuild/pkgs/GCCcore/7.4.0 --with-local-prefix=/opt/linux/centos/7.x/x86_64/easybuild/pkgs/GCCcore/7.4.0 --enable-bootstrap --with-isl=/scratch/eb-build/GCCcore/7.4.0/system-system/gcc-7.4.0/stage2_stuff]
  ignore line: [Thread model: posix]
  ignore line: [gcc version 7.4.0 (GCC) ]
  ignore line: [COMPILER_PATH=/bigdata/operations/pkgadmin/opt/linux/centos/7.x/x86_64/easybuild/pkgs/GCCcore/7.4.0/bin/../libexec/gcc/x86_64-pc-linux-gnu/7.4.0/:/bigdata/operations/pkgadmin/opt/linux/centos/7.x/x86_64/easybuild/pkgs/GCCcore/7.4.0/bin/../libexec/gcc/]
  ignore line: [LIBRARY_PATH=/bigdata/operations/pkgadmin/opt/linux/centos/7.x/x86_64/easybuild/pkgs/GCCcore/7.4.0/bin/../lib/gcc/x86_64-pc-linux-gnu/7.4.0/:/bigdata/operations/pkgadmin/opt/linux/centos/7.x/x86_64/easybuild/pkgs/GCCcore/7.4.0/bin/../lib/gcc/:/opt/linux/centos/7.x/x86_64/easybuild/pkgs/GCCcore/7.4.0/lib64/../lib64/:/opt/linux/centos/7.x/x86_64/easybuild/pkgs/GCCcore/7.4.0/lib/../lib64/:/bigdata/operations/pkgadmin/opt/linux/centos/7.x/x86_64/easybuild/pkgs/GCCcore/7.4.0/bin/../lib/gcc/x86_64-pc-linux-gnu/7.4.0/../../../../lib64/:/lib/../lib64/:/usr/lib/../lib64/:/opt/linux/centos/7.x/x86_64/easybuild/pkgs/GCCcore/7.4.0/lib64/:/opt/linux/centos/7.x/x86_64/easybuild/pkgs/GCCcore/7.4.0/lib/:/opt/linux/centos/7.x/x86_64/pkgs/gdal/2.1.3/lib/:/opt/linux/centos/7.x/x86_64/pkgs/R/4.0.1/lib64/R/lib/:/opt/linux/centos/7.x/x86_64/pkgs/openmpi/4.0.1-slurm-19.05.0/lib/:/bigdata/operations/pkgadmin/opt/linux/centos/7.x/x86_64/easybuild/pkgs/GCCcore/7.4.0/bin/../lib/gcc/x86_64-pc-linux-gnu/7.4.0/../../../:/lib/:/usr/lib/]
  ignore line: [COLLECT_GCC_OPTIONS='-Wfloat-equal' '-Wpedantic' '-Wpointer-arith' '-Wswitch-default' '-Wpacked' '-Wextra' '-Winvalid-pch' '-Wmissing-field-initializers' '-Wcast-align' '-Wcast-qual' '-Wdisabled-optimization' '-Wformat=2' '-Wformat-nonliteral' '-Wuninitialized' '-Wformat-security' '-Wformat-y2k' '-Winit-self' '-Wmissing-declarations' '-Wmissing-include-dirs' '-Wredundant-decls' '-Wstrict-overflow=5' '-Wno-unused' '-Wno-conversion' '-Wctor-dtor-privacy' '-Wsign-promo' '-Woverloaded-virtual' '-Wlogical-op' '-Wstrict-null-sentinel' '-Wnoexcept' '-v' '-o' 'cmTC_2c301' '-shared-libgcc' '-mtune=generic' '-march=x86-64']
  link line: [ /bigdata/operations/pkgadmin/opt/linux/centos/7.x/x86_64/easybuild/pkgs/GCCcore/7.4.0/bin/../libexec/gcc/x86_64-pc-linux-gnu/7.4.0/collect2 -plugin /bigdata/operations/pkgadmin/opt/linux/centos/7.x/x86_64/easybuild/pkgs/GCCcore/7.4.0/bin/../libexec/gcc/x86_64-pc-linux-gnu/7.4.0/liblto_plugin.so -plugin-opt=/bigdata/operations/pkgadmin/opt/linux/centos/7.x/x86_64/easybuild/pkgs/GCCcore/7.4.0/bin/../libexec/gcc/x86_64-pc-linux-gnu/7.4.0/lto-wrapper -plugin-opt=-fresolution=/scratch/fhous001/6636996/cciLtcLx.res -plugin-opt=-pass-through=-lgcc_s -plugin-opt=-pass-through=-lgcc -plugin-opt=-pass-through=-lc -plugin-opt=-pass-through=-lgcc_s -plugin-opt=-pass-through=-lgcc --eh-frame-hdr -m elf_x86_64 -dynamic-linker /lib64/ld-linux-x86-64.so.2 -o cmTC_2c301 /lib/../lib64/crt1.o /lib/../lib64/crti.o /bigdata/operations/pkgadmin/opt/linux/centos/7.x/x86_64/easybuild/pkgs/GCCcore/7.4.0/bin/../lib/gcc/x86_64-pc-linux-gnu/7.4.0/crtbegin.o -L/bigdata/operations/pkgadmin/opt/linux/centos/7.x/x86_64/easybuild/pkgs/GCCcore/7.4.0/bin/../lib/gcc/x86_64-pc-linux-gnu/7.4.0 -L/bigdata/operations/pkgadmin/opt/linux/centos/7.x/x86_64/easybuild/pkgs/GCCcore/7.4.0/bin/../lib/gcc -L/opt/linux/centos/7.x/x86_64/easybuild/pkgs/GCCcore/7.4.0/lib64/../lib64 -L/opt/linux/centos/7.x/x86_64/easybuild/pkgs/GCCcore/7.4.0/lib/../lib64 -L/bigdata/operations/pkgadmin/opt/linux/centos/7.x/x86_64/easybuild/pkgs/GCCcore/7.4.0/bin/../lib/gcc/x86_64-pc-linux-gnu/7.4.0/../../../../lib64 -L/lib/../lib64 -L/usr/lib/../lib64 -L/opt/linux/centos/7.x/x86_64/easybuild/pkgs/GCCcore/7.4.0/lib64 -L/opt/linux/centos/7.x/x86_64/easybuild/pkgs/GCCcore/7.4.0/lib -L/opt/linux/centos/7.x/x86_64/pkgs/gdal/2.1.3/lib -L/opt/linux/centos/7.x/x86_64/pkgs/R/4.0.1/lib64/R/lib -L/opt/linux/centos/7.x/x86_64/pkgs/openmpi/4.0.1-slurm-19.05.0/lib -L/bigdata/operations/pkgadmin/opt/linux/centos/7.x/x86_64/easybuild/pkgs/GCCcore/7.4.0/bin/../lib/gcc/x86_64-pc-linux-gnu/7.4.0/../../.. CMakeFiles/cmTC_2c301.dir/CMakeCXXCompilerABI.cpp.o -lstdc++ -lm -lgcc_s -lgcc -lc -lgcc_s -lgcc /bigdata/operations/pkgadmin/opt/linux/centos/7.x/x86_64/easybuild/pkgs/GCCcore/7.4.0/bin/../lib/gcc/x86_64-pc-linux-gnu/7.4.0/crtend.o /lib/../lib64/crtn.o]
    arg [/bigdata/operations/pkgadmin/opt/linux/centos/7.x/x86_64/easybuild/pkgs/GCCcore/7.4.0/bin/../libexec/gcc/x86_64-pc-linux-gnu/7.4.0/collect2] ==> ignore
    arg [-plugin] ==> ignore
    arg [/bigdata/operations/pkgadmin/opt/linux/centos/7.x/x86_64/easybuild/pkgs/GCCcore/7.4.0/bin/../libexec/gcc/x86_64-pc-linux-gnu/7.4.0/liblto_plugin.so] ==> ignore
    arg [-plugin-opt=/bigdata/operations/pkgadmin/opt/linux/centos/7.x/x86_64/easybuild/pkgs/GCCcore/7.4.0/bin/../libexec/gcc/x86_64-pc-linux-gnu/7.4.0/lto-wrapper] ==> ignore
    arg [-plugin-opt=-fresolution=/scratch/fhous001/6636996/cciLtcLx.res] ==> ignore
    arg [-plugin-opt=-pass-through=-lgcc_s] ==> ignore
    arg [-plugin-opt=-pass-through=-lgcc] ==> ignore
    arg [-plugin-opt=-pass-through=-lc] ==> ignore
    arg [-plugin-opt=-pass-through=-lgcc_s] ==> ignore
    arg [-plugin-opt=-pass-through=-lgcc] ==> ignore
    arg [--eh-frame-hdr] ==> ignore
    arg [-m] ==> ignore
    arg [elf_x86_64] ==> ignore
    arg [-dynamic-linker] ==> ignore
    arg [/lib64/ld-linux-x86-64.so.2] ==> ignore
    arg [-o] ==> ignore
    arg [cmTC_2c301] ==> ignore
    arg [/lib/../lib64/crt1.o] ==> obj [/lib/../lib64/crt1.o]
    arg [/lib/../lib64/crti.o] ==> obj [/lib/../lib64/crti.o]
    arg [/bigdata/operations/pkgadmin/opt/linux/centos/7.x/x86_64/easybuild/pkgs/GCCcore/7.4.0/bin/../lib/gcc/x86_64-pc-linux-gnu/7.4.0/crtbegin.o] ==> obj [/bigdata/operations/pkgadmin/opt/linux/centos/7.x/x86_64/easybuild/pkgs/GCCcore/7.4.0/bin/../lib/gcc/x86_64-pc-linux-gnu/7.4.0/crtbegin.o]
    arg [-L/bigdata/operations/pkgadmin/opt/linux/centos/7.x/x86_64/easybuild/pkgs/GCCcore/7.4.0/bin/../lib/gcc/x86_64-pc-linux-gnu/7.4.0] ==> dir [/bigdata/operations/pkgadmin/opt/linux/centos/7.x/x86_64/easybuild/pkgs/GCCcore/7.4.0/bin/../lib/gcc/x86_64-pc-linux-gnu/7.4.0]
    arg [-L/bigdata/operations/pkgadmin/opt/linux/centos/7.x/x86_64/easybuild/pkgs/GCCcore/7.4.0/bin/../lib/gcc] ==> dir [/bigdata/operations/pkgadmin/opt/linux/centos/7.x/x86_64/easybuild/pkgs/GCCcore/7.4.0/bin/../lib/gcc]
    arg [-L/opt/linux/centos/7.x/x86_64/easybuild/pkgs/GCCcore/7.4.0/lib64/../lib64] ==> dir [/opt/linux/centos/7.x/x86_64/easybuild/pkgs/GCCcore/7.4.0/lib64/../lib64]
    arg [-L/opt/linux/centos/7.x/x86_64/easybuild/pkgs/GCCcore/7.4.0/lib/../lib64] ==> dir [/opt/linux/centos/7.x/x86_64/easybuild/pkgs/GCCcore/7.4.0/lib/../lib64]
    arg [-L/bigdata/operations/pkgadmin/opt/linux/centos/7.x/x86_64/easybuild/pkgs/GCCcore/7.4.0/bin/../lib/gcc/x86_64-pc-linux-gnu/7.4.0/../../../../lib64] ==> dir [/bigdata/operations/pkgadmin/opt/linux/centos/7.x/x86_64/easybuild/pkgs/GCCcore/7.4.0/bin/../lib/gcc/x86_64-pc-linux-gnu/7.4.0/../../../../lib64]
    arg [-L/lib/../lib64] ==> dir [/lib/../lib64]
    arg [-L/usr/lib/../lib64] ==> dir [/usr/lib/../lib64]
    arg [-L/opt/linux/centos/7.x/x86_64/easybuild/pkgs/GCCcore/7.4.0/lib64] ==> dir [/opt/linux/centos/7.x/x86_64/easybuild/pkgs/GCCcore/7.4.0/lib64]
    arg [-L/opt/linux/centos/7.x/x86_64/easybuild/pkgs/GCCcore/7.4.0/lib] ==> dir [/opt/linux/centos/7.x/x86_64/easybuild/pkgs/GCCcore/7.4.0/lib]
    arg [-L/opt/linux/centos/7.x/x86_64/pkgs/gdal/2.1.3/lib] ==> dir [/opt/linux/centos/7.x/x86_64/pkgs/gdal/2.1.3/lib]
    arg [-L/opt/linux/centos/7.x/x86_64/pkgs/R/4.0.1/lib64/R/lib] ==> dir [/opt/linux/centos/7.x/x86_64/pkgs/R/4.0.1/lib64/R/lib]
    arg [-L/opt/linux/centos/7.x/x86_64/pkgs/openmpi/4.0.1-slurm-19.05.0/lib] ==> dir [/opt/linux/centos/7.x/x86_64/pkgs/openmpi/4.0.1-slurm-19.05.0/lib]
    arg [-L/bigdata/operations/pkgadmin/opt/linux/centos/7.x/x86_64/easybuild/pkgs/GCCcore/7.4.0/bin/../lib/gcc/x86_64-pc-linux-gnu/7.4.0/../../..] ==> dir [/bigdata/operations/pkgadmin/opt/linux/centos/7.x/x86_64/easybuild/pkgs/GCCcore/7.4.0/bin/../lib/gcc/x86_64-pc-linux-gnu/7.4.0/../../..]
    arg [CMakeFiles/cmTC_2c301.dir/CMakeCXXCompilerABI.cpp.o] ==> ignore
    arg [-lstdc++] ==> lib [stdc++]
    arg [-lm] ==> lib [m]
    arg [-lgcc_s] ==> lib [gcc_s]
    arg [-lgcc] ==> lib [gcc]
    arg [-lc] ==> lib [c]
    arg [-lgcc_s] ==> lib [gcc_s]
    arg [-lgcc] ==> lib [gcc]
    arg [/bigdata/operations/pkgadmin/opt/linux/centos/7.x/x86_64/easybuild/pkgs/GCCcore/7.4.0/bin/../lib/gcc/x86_64-pc-linux-gnu/7.4.0/crtend.o] ==> obj [/bigdata/operations/pkgadmin/opt/linux/centos/7.x/x86_64/easybuild/pkgs/GCCcore/7.4.0/bin/../lib/gcc/x86_64-pc-linux-gnu/7.4.0/crtend.o]
    arg [/lib/../lib64/crtn.o] ==> obj [/lib/../lib64/crtn.o]
  collapse obj [/lib/../lib64/crt1.o] ==> [/lib64/crt1.o]
  collapse obj [/lib/../lib64/crti.o] ==> [/lib64/crti.o]
  collapse obj [/bigdata/operations/pkgadmin/opt/linux/centos/7.x/x86_64/easybuild/pkgs/GCCcore/7.4.0/bin/../lib/gcc/x86_64-pc-linux-gnu/7.4.0/crtbegin.o] ==> [/bigdata/operations/pkgadmin/opt/linux/centos/7.x/x86_64/easybuild/pkgs/GCCcore/7.4.0/lib/gcc/x86_64-pc-linux-gnu/7.4.0/crtbegin.o]
  collapse obj [/bigdata/operations/pkgadmin/opt/linux/centos/7.x/x86_64/easybuild/pkgs/GCCcore/7.4.0/bin/../lib/gcc/x86_64-pc-linux-gnu/7.4.0/crtend.o] ==> [/bigdata/operations/pkgadmin/opt/linux/centos/7.x/x86_64/easybuild/pkgs/GCCcore/7.4.0/lib/gcc/x86_64-pc-linux-gnu/7.4.0/crtend.o]
  collapse obj [/lib/../lib64/crtn.o] ==> [/lib64/crtn.o]
  collapse library dir [/bigdata/operations/pkgadmin/opt/linux/centos/7.x/x86_64/easybuild/pkgs/GCCcore/7.4.0/bin/../lib/gcc/x86_64-pc-linux-gnu/7.4.0] ==> [/bigdata/operations/pkgadmin/opt/linux/centos/7.x/x86_64/easybuild/pkgs/GCCcore/7.4.0/lib/gcc/x86_64-pc-linux-gnu/7.4.0]
  collapse library dir [/bigdata/operations/pkgadmin/opt/linux/centos/7.x/x86_64/easybuild/pkgs/GCCcore/7.4.0/bin/../lib/gcc] ==> [/bigdata/operations/pkgadmin/opt/linux/centos/7.x/x86_64/easybuild/pkgs/GCCcore/7.4.0/lib/gcc]
  collapse library dir [/opt/linux/centos/7.x/x86_64/easybuild/pkgs/GCCcore/7.4.0/lib64/../lib64] ==> [/opt/linux/centos/7.x/x86_64/easybuild/pkgs/GCCcore/7.4.0/lib64]
  collapse library dir [/opt/linux/centos/7.x/x86_64/easybuild/pkgs/GCCcore/7.4.0/lib/../lib64] ==> [/opt/linux/centos/7.x/x86_64/easybuild/pkgs/GCCcore/7.4.0/lib64]
  collapse library dir [/bigdata/operations/pkgadmin/opt/linux/centos/7.x/x86_64/easybuild/pkgs/GCCcore/7.4.0/bin/../lib/gcc/x86_64-pc-linux-gnu/7.4.0/../../../../lib64] ==> [/bigdata/operations/pkgadmin/opt/linux/centos/7.x/x86_64/easybuild/pkgs/GCCcore/7.4.0/lib64]
  collapse library dir [/lib/../lib64] ==> [/lib64]
  collapse library dir [/usr/lib/../lib64] ==> [/usr/lib64]
  collapse library dir [/opt/linux/centos/7.x/x86_64/easybuild/pkgs/GCCcore/7.4.0/lib64] ==> [/opt/linux/centos/7.x/x86_64/easybuild/pkgs/GCCcore/7.4.0/lib64]
  collapse library dir [/opt/linux/centos/7.x/x86_64/easybuild/pkgs/GCCcore/7.4.0/lib] ==> [/opt/linux/centos/7.x/x86_64/easybuild/pkgs/GCCcore/7.4.0/lib]
  collapse library dir [/opt/linux/centos/7.x/x86_64/pkgs/gdal/2.1.3/lib] ==> [/opt/linux/centos/7.x/x86_64/pkgs/gdal/2.1.3/lib]
  collapse library dir [/opt/linux/centos/7.x/x86_64/pkgs/R/4.0.1/lib64/R/lib] ==> [/opt/linux/centos/7.x/x86_64/pkgs/R/4.0.1/lib64/R/lib]
  collapse library dir [/opt/linux/centos/7.x/x86_64/pkgs/openmpi/4.0.1-slurm-19.05.0/lib] ==> [/opt/linux/centos/7.x/x86_64/pkgs/openmpi/4.0.1-slurm-19.05.0/lib]
  collapse library dir [/bigdata/operations/pkgadmin/opt/linux/centos/7.x/x86_64/easybuild/pkgs/GCCcore/7.4.0/bin/../lib/gcc/x86_64-pc-linux-gnu/7.4.0/../../..] ==> [/bigdata/operations/pkgadmin/opt/linux/centos/7.x/x86_64/easybuild/pkgs/GCCcore/7.4.0/lib]
  implicit libs: [stdc++;m;gcc_s;gcc;c;gcc_s;gcc]
  implicit objs: [/lib64/crt1.o;/lib64/crti.o;/bigdata/operations/pkgadmin/opt/linux/centos/7.x/x86_64/easybuild/pkgs/GCCcore/7.4.0/lib/gcc/x86_64-pc-linux-gnu/7.4.0/crtbegin.o;/bigdata/operations/pkgadmin/opt/linux/centos/7.x/x86_64/easybuild/pkgs/GCCcore/7.4.0/lib/gcc/x86_64-pc-linux-gnu/7.4.0/crtend.o;/lib64/crtn.o]
  implicit dirs: [/bigdata/operations/pkgadmin/opt/linux/centos/7.x/x86_64/easybuild/pkgs/GCCcore/7.4.0/lib/gcc/x86_64-pc-linux-gnu/7.4.0;/bigdata/operations/pkgadmin/opt/linux/centos/7.x/x86_64/easybuild/pkgs/GCCcore/7.4.0/lib/gcc;/opt/linux/centos/7.x/x86_64/easybuild/pkgs/GCCcore/7.4.0/lib64;/bigdata/operations/pkgadmin/opt/linux/centos/7.x/x86_64/easybuild/pkgs/GCCcore/7.4.0/lib64;/lib64;/usr/lib64;/opt/linux/centos/7.x/x86_64/easybuild/pkgs/GCCcore/7.4.0/lib;/opt/linux/centos/7.x/x86_64/pkgs/gdal/2.1.3/lib;/opt/linux/centos/7.x/x86_64/pkgs/R/4.0.1/lib64/R/lib;/opt/linux/centos/7.x/x86_64/pkgs/openmpi/4.0.1-slurm-19.05.0/lib;/bigdata/operations/pkgadmin/opt/linux/centos/7.x/x86_64/easybuild/pkgs/GCCcore/7.4.0/lib]
  implicit fwks: []


