mlx5_0 uverbs0 NodeType::CA TransportType::IB
Binded successful? 1
(port_id, port_lid) = (1, 97)
[CB:info] PD 'primary' registered
[CB:info] Buffer 'shared-buf' of size 1073741824 allocated
[CB:info] MR 'shared-mr' under PD 'primary' registered with buf 'shared-buf' and rights 7
[CB:info] CQ 'cq' registered
[CE:info] Publishing qp qp-2-for-1
[CE:info] Publishing qp qp-2-for-3
announce_ready: value at qp-2-ready(announce) ready(announce)
wait_ready: value at qp-3-ready(announce) 
Waiting (5 sec) for all processes to fetch the connections
[CE:info] Connected with qp-1-for-2
[CE:info] Connected with qp-3-for-2
announce_ready: value at qp-2-ready(connect) ready(connect)
log_offset: 0
logmem: 0x2b67386c9040
logmem_size: 1073741824



writing 2- to: 1 at: 2ac8d76025d5
-------
writing 2- to: 3 at: 2aaad8b9c5d5
-------
========
finished writing, now waiting...
done waiting
writing 2- to: 1 at: 2ac8d7602615
-------
writing 2- to: 3 at: 2aaad8b9c615
-------
========
finished writing, now waiting...
done waiting
writing 2- to: 1 at: 2ac8d7602655
-------
writing 2- to: 3 at: 2aaad8b9c655
-------
========
finished writing, now waiting...
done waiting
writing 2- to: 1 at: 2ac8d7602695
-------
writing 2- to: 3 at: 2aaad8b9c695
-------
========
finished writing, now waiting...
done waiting
writing 2- to: 1 at: 2ac8d76026d5
-------
writing 2- to: 3 at: 2aaad8b9c6d5
-------
========
finished writing, now waiting...
done waiting
start reading 1 log
buffer: 1-
buffer: 1-
buffer: 1-
buffer: 1-
buffer: 1-
start reading 2 log
buffer: 2-
buffer: 2-
buffer: 2-
buffer: 2-
buffer: 2-
start reading 3 log
buffer: 3-
buffer: 3-
buffer: 3-
buffer: 3-
buffer: 3-
end
